<?xml version="1.0" encoding="UTF-8"?>
<!-- Generated by org.testng.reporters.JUnitXMLReporter -->
<testsuite ignored="0" hostname="Karthiks-MacBook-Pro.local" failures="1" tests="3" name="Login" time="32.183" errors="0" timestamp="2021-11-08T08:40:09 IST">
  <testcase classname="com.ad.tests.LoginTest" name="validLogin" time="2.25">
    <failure type="java.lang.AssertionError" message="expected [false] but found [true]">
      <![CDATA[java.lang.AssertionError: expected [false] but found [true]
at com.ad.tests.LoginTest.validLogin(LoginTest.java:41)
at java.base/java.util.ArrayList.forEach(ArrayList.java:1541)
... Removed 31 stack frames]]>
    </failure>
  </testcase> <!-- validLogin -->
  <testcase classname="com.ad.tests.LoginTest" name="invalidLogin" time="1.513"/>
  <testcase classname="com.ad.tests.LoginTest" name="emptyLogin" time="1.527"/>
</testsuite> <!-- Login -->
